<!doctype html>
<html lang="">
<head>
    <meta charset="UTF-8">
    <meta name="viewport"
          content="width=device-width, user-scalable=no, initial-scale=1.0, maximum-scale=1.0, minimum-scale=1.0">
    <meta http-equiv="X-UA-Compatible" content="ie=edge">
    <title>Test Results Report - TestNGTest-6f19758b-c0de-436f-9252-f4e81ab48aa4</title>

    <link href="reportng.css" rel="stylesheet" type="text/css"/>
</head>
<body>
<div id="meta">
Generated by <a href="http://www.testng.org" target="_blank">TestNG</a> with <a href="https://github.com/testng-team/reportng" target="_blank">ReportNG</a>
at 15:37 ICT on Thursday 30 May 2024
    <br/><span
    id="systemInfo">user@DESKTOP-RiskaWidi&nbsp;/&nbsp;Java 1.8.0_221 (Oracle Corporation)&nbsp;/&nbsp;Windows 10 10.0 (amd64)</span>
</div>
<h1>TestNGTest-6f19758b-c0de-436f-9252-f4e81ab48aa4</h1>

<p>
    <a href="index.html">Suites</a>
        &#183; <a href="output.html">Log Output</a>
</p>

<p>Test duration
    : 25.506s</p>


    <table class="resultsTable">
        <tr>
            <th colspan="3" class="header failed">Failed Tests</th>
        </tr>
            <tr>
                <td class="group" colspan="3">com.testCases.addToCartCase</td>
            </tr>
    <tr>
        <td class="method">
                doAddToCart
        </td>
        <td class="duration">
            6.316s
        </td>
        <td class="result">
            <!-- Display the dependencies for skipped test methods -->


            <!-- Show logger output for the test -->

                <a href="javascript:toggleElement('exception-0', 'block')"
                   title="Click to expand/collapse">
                    <b>org.openqa.selenium.NoSuchElementException: Unable to find element with locator By.id: add-to-cart-sauce-labs-bike-light<br/>
For documentation on this error, please visit: https://www.selenium.dev/documentation/webdriver/troubleshooting/errors#no-such-element-exception<br/>
Build info: version: &apos;4.13.0&apos;, revision: &apos;ba948ece5b*&apos;<br/>
System info: os.name: &apos;Windows 10&apos;, os.arch: &apos;amd64&apos;, os.version: &apos;10.0&apos;, java.version: &apos;1.8.0_221&apos;<br/>
Driver info: driver.version: RemoteWebDriver</b>
                </a>
                <br/>
                <div class="stackTrace" id="exception-0">
                        org.openqa.selenium.remote.ElementLocation$ElementFinder$2.findElement(ElementLocation.java:168)<br/>
                        org.openqa.selenium.remote.ElementLocation.findElement(ElementLocation.java:59)<br/>
                        org.openqa.selenium.remote.RemoteWebDriver.findElement(RemoteWebDriver.java:359)<br/>
                        org.openqa.selenium.remote.RemoteWebDriver.findElement(RemoteWebDriver.java:353)<br/>
                        com.pages.addToCartPage.clickAddToCartBike(addToCartPage.java:24)<br/>
                        com.testCases.addToCartCase.doAddToCart(addToCartCase.java:40)<br/>
                        sun.reflect.NativeMethodAccessorImpl.invoke0(Native Method)<br/>
                        sun.reflect.NativeMethodAccessorImpl.invoke(NativeMethodAccessorImpl.java:62)<br/>
                        sun.reflect.DelegatingMethodAccessorImpl.invoke(DelegatingMethodAccessorImpl.java:43)<br/>
                        java.lang.reflect.Method.invoke(Method.java:498)<br/>
                        org.testng.internal.invokers.MethodInvocationHelper.invokeMethod(MethodInvocationHelper.java:136)<br/>
                        org.testng.internal.invokers.TestInvoker.invokeMethod(TestInvoker.java:658)<br/>
                        org.testng.internal.invokers.TestInvoker.invokeTestMethod(TestInvoker.java:219)<br/>
                        org.testng.internal.invokers.MethodRunner.runInSequence(MethodRunner.java:50)<br/>
                        org.testng.internal.invokers.TestInvoker$MethodInvocationAgent.invoke(TestInvoker.java:923)<br/>
                        org.testng.internal.invokers.TestInvoker.invokeTestMethods(TestInvoker.java:192)<br/>
                        org.testng.internal.invokers.TestMethodWorker.invokeTestMethods(TestMethodWorker.java:146)<br/>
                        org.testng.internal.invokers.TestMethodWorker.run(TestMethodWorker.java:128)<br/>
                        java.util.ArrayList.forEach(ArrayList.java:1257)<br/>
                        org.testng.TestRunner.privateRun(TestRunner.java:808)<br/>
                        org.testng.TestRunner.run(TestRunner.java:603)<br/>
                        org.testng.SuiteRunner.runTest(SuiteRunner.java:429)<br/>
                        org.testng.SuiteRunner.runSequentially(SuiteRunner.java:423)<br/>
                        org.testng.SuiteRunner.privateRun(SuiteRunner.java:383)<br/>
                        org.testng.SuiteRunner.run(SuiteRunner.java:326)<br/>
                        org.testng.SuiteRunnerWorker.runSuite(SuiteRunnerWorker.java:52)<br/>
                        org.testng.SuiteRunnerWorker.run(SuiteRunnerWorker.java:95)<br/>
                        org.testng.TestNG.runSuitesSequentially(TestNG.java:1249)<br/>
                        org.testng.TestNG.runSuitesLocally(TestNG.java:1169)<br/>
                        org.testng.TestNG.runSuites(TestNG.java:1092)<br/>
                        org.testng.TestNG.run(TestNG.java:1060)<br/>
                        com.microsoft.java.test.runner.testng.TestNGRunner.run(TestNGRunner.java:45)<br/>
                        com.microsoft.java.test.runner.testng.TestNGLauncher.execute(TestNGLauncher.java:32)<br/>
                        com.microsoft.java.test.runner.Launcher.main(Launcher.java:57)<br/>
                </div>
        </td>
    </tr>
    <tr>
        <td class="method">
                doValidAddToCart
        </td>
        <td class="duration">
            0.116s
        </td>
        <td class="result">
            <!-- Display the dependencies for skipped test methods -->


            <!-- Show logger output for the test -->

                <a href="javascript:toggleElement('exception-1', 'block')"
                   title="Click to expand/collapse">
                    <b>org.openqa.selenium.NoSuchWindowException: no such window: target window already closed<br/>
from unknown error: web view not found<br/>
&nbsp; (Session info: chrome=125.0.6422.78)<br/>
Build info: version: &apos;4.13.0&apos;, revision: &apos;ba948ece5b*&apos;<br/>
System info: os.name: &apos;Windows 10&apos;, os.arch: &apos;amd64&apos;, os.version: &apos;10.0&apos;, java.version: &apos;1.8.0_221&apos;<br/>
Driver info: org.openqa.selenium.chrome.ChromeDriver<br/>
Command: [f6e528eb0ae24485758cbd1649134e10, findElement {using=id, value=user-name}]<br/>
Capabilities {acceptInsecureCerts: false, browserName: chrome, browserVersion: 125.0.6422.78, chrome: {chromedriverVersion: 125.0.6422.78 (14db42ec38ad..., userDataDir: C:\Users\user\AppData\Local...}, fedcm:accounts: true, goog:chromeOptions: {debuggerAddress: localhost:55640}, networkConnectionEnabled: false, pageLoadStrategy: normal, platformName: windows, proxy: Proxy(), se:cdp: ws://localhost:55640/devtoo..., se:cdpVersion: 125.0.6422.78, setWindowRect: true, strictFileInteractability: false, timeouts: {implicit: 0, pageLoad: 300000, script: 30000}, unhandledPromptBehavior: dismiss and notify, webauthn:extension:credBlob: true, webauthn:extension:largeBlob: true, webauthn:extension:minPinLength: true, webauthn:extension:prf: true, webauthn:virtualAuthenticators: true}<br/>
Session ID: f6e528eb0ae24485758cbd1649134e10</b>
                </a>
                <br/>
                <div class="stackTrace" id="exception-1">
                        sun.reflect.NativeConstructorAccessorImpl.newInstance0(Native Method)<br/>
                        sun.reflect.NativeConstructorAccessorImpl.newInstance(NativeConstructorAccessorImpl.java:62)<br/>
                        sun.reflect.DelegatingConstructorAccessorImpl.newInstance(DelegatingConstructorAccessorImpl.java:45)<br/>
                        java.lang.reflect.Constructor.newInstance(Constructor.java:423)<br/>
                        org.openqa.selenium.remote.codec.w3c.W3CHttpResponseCodec.createException(W3CHttpResponseCodec.java:200)<br/>
                        org.openqa.selenium.remote.codec.w3c.W3CHttpResponseCodec.decode(W3CHttpResponseCodec.java:133)<br/>
                        org.openqa.selenium.remote.codec.w3c.W3CHttpResponseCodec.decode(W3CHttpResponseCodec.java:52)<br/>
                        org.openqa.selenium.remote.HttpCommandExecutor.execute(HttpCommandExecutor.java:191)<br/>
                        org.openqa.selenium.remote.service.DriverCommandExecutor.invokeExecute(DriverCommandExecutor.java:196)<br/>
                        org.openqa.selenium.remote.service.DriverCommandExecutor.execute(DriverCommandExecutor.java:171)<br/>
                        org.openqa.selenium.remote.RemoteWebDriver.execute(RemoteWebDriver.java:602)<br/>
                        org.openqa.selenium.remote.ElementLocation$ElementFinder$2.findElement(ElementLocation.java:165)<br/>
                        org.openqa.selenium.remote.ElementLocation.findElement(ElementLocation.java:59)<br/>
                        org.openqa.selenium.remote.RemoteWebDriver.findElement(RemoteWebDriver.java:359)<br/>
                        org.openqa.selenium.remote.RemoteWebDriver.findElement(RemoteWebDriver.java:353)<br/>
                        com.pages.loginPage.inputUsername(loginPage.java:21)<br/>
                        com.testCases.addToCartCase.doValidAddToCart(addToCartCase.java:55)<br/>
                        sun.reflect.NativeMethodAccessorImpl.invoke0(Native Method)<br/>
                        sun.reflect.NativeMethodAccessorImpl.invoke(NativeMethodAccessorImpl.java:62)<br/>
                        sun.reflect.DelegatingMethodAccessorImpl.invoke(DelegatingMethodAccessorImpl.java:43)<br/>
                        java.lang.reflect.Method.invoke(Method.java:498)<br/>
                        org.testng.internal.invokers.MethodInvocationHelper.invokeMethod(MethodInvocationHelper.java:136)<br/>
                        org.testng.internal.invokers.TestInvoker.invokeMethod(TestInvoker.java:658)<br/>
                        org.testng.internal.invokers.TestInvoker.invokeTestMethod(TestInvoker.java:219)<br/>
                        org.testng.internal.invokers.MethodRunner.runInSequence(MethodRunner.java:50)<br/>
                        org.testng.internal.invokers.TestInvoker$MethodInvocationAgent.invoke(TestInvoker.java:923)<br/>
                        org.testng.internal.invokers.TestInvoker.invokeTestMethods(TestInvoker.java:192)<br/>
                        org.testng.internal.invokers.TestMethodWorker.invokeTestMethods(TestMethodWorker.java:146)<br/>
                        org.testng.internal.invokers.TestMethodWorker.run(TestMethodWorker.java:128)<br/>
                        java.util.ArrayList.forEach(ArrayList.java:1257)<br/>
                        org.testng.TestRunner.privateRun(TestRunner.java:808)<br/>
                        org.testng.TestRunner.run(TestRunner.java:603)<br/>
                        org.testng.SuiteRunner.runTest(SuiteRunner.java:429)<br/>
                        org.testng.SuiteRunner.runSequentially(SuiteRunner.java:423)<br/>
                        org.testng.SuiteRunner.privateRun(SuiteRunner.java:383)<br/>
                        org.testng.SuiteRunner.run(SuiteRunner.java:326)<br/>
                        org.testng.SuiteRunnerWorker.runSuite(SuiteRunnerWorker.java:52)<br/>
                        org.testng.SuiteRunnerWorker.run(SuiteRunnerWorker.java:95)<br/>
                        org.testng.TestNG.runSuitesSequentially(TestNG.java:1249)<br/>
                        org.testng.TestNG.runSuitesLocally(TestNG.java:1169)<br/>
                        org.testng.TestNG.runSuites(TestNG.java:1092)<br/>
                        org.testng.TestNG.run(TestNG.java:1060)<br/>
                        com.microsoft.java.test.runner.testng.TestNGRunner.run(TestNGRunner.java:45)<br/>
                        com.microsoft.java.test.runner.testng.TestNGLauncher.execute(TestNGLauncher.java:32)<br/>
                        com.microsoft.java.test.runner.Launcher.main(Launcher.java:57)<br/>
                </div>
        </td>
    </tr>
    </table>


    <table class="resultsTable" width="100%">
        <tr>
            <th colspan="3" class="header passed">Passed Tests</th>
        </tr>
            <tr>
                <td class="group" colspan="3">com.testCases.loginCase</td>
            </tr>
    <tr>
        <td class="method">
                invalidLogin
        </td>
        <td class="duration">
            1.508s
        </td>
        <td class="result">
            <!-- Display the dependencies for skipped test methods -->


            <!-- Show logger output for the test -->

        </td>
    </tr>
    </table>

<script type="text/javascript" src="reportng.js"></script>
</body>
